2018/05/10 23:48:40 Listening on: :8080
2018/05/10 23:49:20 Listening on: :8080
2018/05/10 23:49:40 [[] searched. engine: demo, k: 2, patterns: 539365, len: 1100 took: 427.596708ms
2018/05/10 23:49:42 [[] searched. engine: demo, k: 2, patterns: 539365, len: 1100 took: 81.521621ms
2018/05/10 23:49:43 [[] searched. engine: demo, k: 2, patterns: 539365, len: 1100 took: 69.963429ms
2018/05/10 23:49:45 [[] created: s1tMkoDh, max k: 2, patterns: 1
2018/05/10 23:49:45 [[] searched. engine: demo, k: 2, patterns: 539365, len: 1100 took: 90.723076ms
2018/05/10 23:49:47 [[] searched. engine: s1tMkoDh, k: 2, patterns: 1, len: 21 took: 595.89µs
2018/05/10 23:49:51 [[] searched. engine: demo, k: 2, patterns: 539365, len: 1100 took: 68.047984ms
2018/05/10 23:50:22 Allocated memory: 1611369952
2018/05/10 23:51:24 Allocated memory: 1611369960
2018/05/10 23:52:25 Allocated memory: 1611369968
2018/05/10 23:52:49 [[] searched. engine: demo, k: 2, patterns: 539365, len: 1100 took: 121.625745ms
2018/05/10 23:53:15 [[] searched. engine: demo, k: 2, patterns: 539365, len: 1100 took: 82.204621ms
2018/05/10 23:53:26 Allocated memory: 1611392392
2018/05/10 23:54:28 Allocated memory: 1611392456
2018/05/10 23:55:05 Listening on: :8080
2018/05/10 23:55:12 [[] searched. engine: demo, k: 2, patterns: 539365, len: 1100 took: 304.944113ms
2018/05/10 23:55:13 [[] searched. engine: demo, k: 2, patterns: 539365, len: 1100 took: 68.891229ms
2018/05/10 23:55:16 [[] searched. engine: demo, k: 2, patterns: 539365, len: 1100 took: 92.362635ms
2018/05/10 23:55:16 [[] searched. engine: demo, k: 2, patterns: 539365, len: 1100 took: 70.39917ms
2018/05/10 23:56:07 Allocated memory: 1611369784
2018/05/10 23:57:09 Allocated memory: 1611369792
2018/05/10 23:58:11 Allocated memory: 1611369800
2018/05/10 23:58:47 [[] searched. engine: demo, k: 2, patterns: 539365, len: 3631 took: 104.968985ms
2018/05/10 23:59:00 [[] searched. engine: demo, k: 2, patterns: 539365, len: 1115 took: 76.858752ms
2018/05/10 23:59:02 [[] searched. engine: demo, k: 0, patterns: 539365, len: 1115 took: 3.728913ms
2018/05/10 23:59:03 [[] searched. engine: demo, k: 1, patterns: 539365, len: 1115 took: 9.545603ms
2018/05/10 23:59:05 [[] searched. engine: demo, k: 2, patterns: 539365, len: 1115 took: 60.413365ms
2018/05/10 23:59:06 [[] searched. engine: demo, k: 1, patterns: 539365, len: 1115 took: 7.78968ms
2018/05/10 23:59:07 [[] searched. engine: demo, k: 0, patterns: 539365, len: 1115 took: 1.422214ms
2018/05/10 23:59:08 [[] searched. engine: demo, k: 1, patterns: 539365, len: 1115 took: 7.96213ms
2018/05/10 23:59:09 [[] searched. engine: demo, k: 2, patterns: 539365, len: 1115 took: 68.776263ms
2018/05/10 23:59:12 Allocated memory: 1611664568
